----------| SCAN START |----------

[*] Target => [1m[94m10.10.10.113[0m
[*] Output Folder => [1m[94mnmap-redcross2[0m
[*] Min Rate => [1m[94m200[0m

[*] Starting quick TCP scan
[+] Ports found: [1m[92m21,22,80,443,1025,5432[0m
[*] SSL Certificate from port [1m[94m443/tcp[0m saved to [1m[94mnmap-redcross2/ssl/10.10.10.113_443.crt[0m
[+] Domain Name found from SSL certificate: [1m[92mredcross.htb[0m, [1m[92mintra.redcross.htb[0m
[*] Starting default TCP scan
[*] Starting full TCP scan
[*] Starting short UDP scan

[*] Starting service fingerprinting
[1m[94m
PORT     STATE SERVICE     VERSION
21/tcp   open  ftp         vsftpd 2.0.8 or later
22/tcp   open  ssh         OpenSSH 7.4p1 Debian 10+deb9u3 (protocol 2.0)
80/tcp   open  http        Apache httpd 2.4.25
443/tcp  open  ssl/http    Apache httpd 2.4.25
1025/tcp open  NFS-or-IIS?
5432/tcp open  postgresql  PostgreSQL DB 9.6.7 - 9.6.12
Service Info: Hosts: RedCross, redcross.htb; OS: Linux; CPE: cpe:/o:linux:linux_kernel[0m

[*] Running NSE 'default', 'vuln' and 'safe' scripts
[1m[94m
PORT     STATE SERVICE     VERSION
21/tcp   open  ftp         vsftpd 2.0.8 or later
22/tcp   open  ssh         OpenSSH 7.4p1 Debian 10+deb9u3 (protocol 2.0)
| vulners: 
|   cpe:/a:openbsd:openssh:7.4p1: 
|     	EXPLOITPACK:98FE96309F9524B8C84C508837551A19	5.8	https://vulners.com/exploitpack/EXPLOITPACK:98FE96309F9524B8C84C508837551A19	*EXPLOIT*
|     	EXPLOITPACK:5330EA02EBDE345BFC9D6DDDD97F9E97	5.8	https://vulners.com/exploitpack/EXPLOITPACK:5330EA02EBDE345BFC9D6DDDD97F9E97	*EXPLOIT*
|     	EDB-ID:46516	5.8	https://vulners.com/exploitdb/EDB-ID:46516	*EXPLOIT*
|     	EDB-ID:46193	5.8	https://vulners.com/exploitdb/EDB-ID:46193	*EXPLOIT*
|     	CVE-2019-6111	5.8	https://vulners.com/cve/CVE-2019-6111
|     	1337DAY-ID-32328	5.8	https://vulners.com/zdt/1337DAY-ID-32328	*EXPLOIT*
|     	1337DAY-ID-32009	5.8	https://vulners.com/zdt/1337DAY-ID-32009	*EXPLOIT*
|     	SSH_ENUM	5.0	https://vulners.com/canvas/SSH_ENUM	*EXPLOIT*
|     	PACKETSTORM:150621	5.0	https://vulners.com/packetstorm/PACKETSTORM:150621	*EXPLOIT*
|     	EXPLOITPACK:F957D7E8A0CC1E23C3C649B764E13FB0	5.0	https://vulners.com/exploitpack/EXPLOITPACK:F957D7E8A0CC1E23C3C649B764E13FB0	*EXPLOIT*
|     	EXPLOITPACK:EBDBC5685E3276D648B4D14B75563283	5.0	https://vulners.com/exploitpack/EXPLOITPACK:EBDBC5685E3276D648B4D14B75563283	*EXPLOIT*
|     	EDB-ID:45939	5.0	https://vulners.com/exploitdb/EDB-ID:45939	*EXPLOIT*
|     	EDB-ID:45233	5.0	https://vulners.com/exploitdb/EDB-ID:45233	*EXPLOIT*
|     	CVE-2018-15919	5.0	https://vulners.com/cve/CVE-2018-15919
|     	CVE-2018-15473	5.0	https://vulners.com/cve/CVE-2018-15473
|     	CVE-2017-15906	5.0	https://vulners.com/cve/CVE-2017-15906
|     	1337DAY-ID-31730	5.0	https://vulners.com/zdt/1337DAY-ID-31730	*EXPLOIT*
|     	CVE-2021-41617	4.4	https://vulners.com/cve/CVE-2021-41617
|     	CVE-2020-14145	4.3	https://vulners.com/cve/CVE-2020-14145
|     	CVE-2019-6110	4.0	https://vulners.com/cve/CVE-2019-6110
|     	CVE-2019-6109	4.0	https://vulners.com/cve/CVE-2019-6109
|     	CVE-2018-20685	2.6	https://vulners.com/cve/CVE-2018-20685
|     	PACKETSTORM:151227	0.0	https://vulners.com/packetstorm/PACKETSTORM:151227	*EXPLOIT*
|     	MSF:AUXILIARY-SCANNER-SSH-SSH_ENUMUSERS-	0.0	https://vulners.com/metasploit/MSF:AUXILIARY-SCANNER-SSH-SSH_ENUMUSERS-	*EXPLOIT*
|_    	1337DAY-ID-30937	0.0	https://vulners.com/zdt/1337DAY-ID-30937	*EXPLOIT*
80/tcp   open  http        Apache httpd 2.4.25
|_http-server-header: Apache/2.4.25 (Debian)
| vulners: 
|   cpe:/a:apache:http_server:2.4.25: 
|     	CVE-2022-31813	7.5	https://vulners.com/cve/CVE-2022-31813
|     	CVE-2022-23943	7.5	https://vulners.com/cve/CVE-2022-23943
|     	CVE-2022-22720	7.5	https://vulners.com/cve/CVE-2022-22720
|     	CVE-2021-44790	7.5	https://vulners.com/cve/CVE-2021-44790
|     	CVE-2021-39275	7.5	https://vulners.com/cve/CVE-2021-39275
|     	CVE-2021-26691	7.5	https://vulners.com/cve/CVE-2021-26691
|     	CVE-2017-7679	7.5	https://vulners.com/cve/CVE-2017-7679
|     	CVE-2017-3169	7.5	https://vulners.com/cve/CVE-2017-3169
|     	CVE-2017-3167	7.5	https://vulners.com/cve/CVE-2017-3167
|     	CNVD-2022-73123	7.5	https://vulners.com/cnvd/CNVD-2022-73123
|     	CNVD-2022-03225	7.5	https://vulners.com/cnvd/CNVD-2022-03225
|     	CNVD-2021-102386	7.5	https://vulners.com/cnvd/CNVD-2021-102386
|     	EXPLOITPACK:44C5118F831D55FAF4259C41D8BDA0AB	7.2	https://vulners.com/exploitpack/EXPLOITPACK:44C5118F831D55FAF4259C41D8BDA0AB	*EXPLOIT*
|     	EDB-ID:46676	7.2	https://vulners.com/exploitdb/EDB-ID:46676	*EXPLOIT*
|     	CVE-2019-0211	7.2	https://vulners.com/cve/CVE-2019-0211
|     	1337DAY-ID-32502	7.2	https://vulners.com/zdt/1337DAY-ID-32502	*EXPLOIT*
|     	FDF3DFA1-ED74-5EE2-BF5C-BA752CA34AE8	6.8	https://vulners.com/githubexploit/FDF3DFA1-ED74-5EE2-BF5C-BA752CA34AE8	*EXPLOIT*
|     	CVE-2021-40438	6.8	https://vulners.com/cve/CVE-2021-40438
|     	CVE-2020-35452	6.8	https://vulners.com/cve/CVE-2020-35452
|     	CVE-2018-1312	6.8	https://vulners.com/cve/CVE-2018-1312
|     	CVE-2017-15715	6.8	https://vulners.com/cve/CVE-2017-15715
|     	CNVD-2022-03224	6.8	https://vulners.com/cnvd/CNVD-2022-03224
|     	8AFB43C5-ABD4-52AD-BB19-24D7884FF2A2	6.8	https://vulners.com/githubexploit/8AFB43C5-ABD4-52AD-BB19-24D7884FF2A2	*EXPLOIT*
|     	4810E2D9-AC5F-5B08-BFB3-DDAFA2F63332	6.8	https://vulners.com/githubexploit/4810E2D9-AC5F-5B08-BFB3-DDAFA2F63332	*EXPLOIT*
|     	4373C92A-2755-5538-9C91-0469C995AA9B	6.8	https://vulners.com/githubexploit/4373C92A-2755-5538-9C91-0469C995AA9B	*EXPLOIT*
|     	0095E929-7573-5E4A-A7FA-F6598A35E8DE	6.8	https://vulners.com/githubexploit/0095E929-7573-5E4A-A7FA-F6598A35E8DE	*EXPLOIT*
|     	CVE-2022-28615	6.4	https://vulners.com/cve/CVE-2022-28615
|     	CVE-2021-44224	6.4	https://vulners.com/cve/CVE-2021-44224
|     	CVE-2019-10082	6.4	https://vulners.com/cve/CVE-2019-10082
|     	CVE-2017-9788	6.4	https://vulners.com/cve/CVE-2017-9788
|     	CVE-2019-0217	6.0	https://vulners.com/cve/CVE-2019-0217
|     	CVE-2022-22721	5.8	https://vulners.com/cve/CVE-2022-22721
|     	CVE-2020-1927	5.8	https://vulners.com/cve/CVE-2020-1927
|     	CVE-2019-10098	5.8	https://vulners.com/cve/CVE-2019-10098
|     	1337DAY-ID-33577	5.8	https://vulners.com/zdt/1337DAY-ID-33577	*EXPLOIT*
|     	SSV:96537	5.0	https://vulners.com/seebug/SSV:96537	*EXPLOIT*
|     	EXPLOITPACK:C8C256BE0BFF5FE1C0405CB0AA9C075D	5.0	https://vulners.com/exploitpack/EXPLOITPACK:C8C256BE0BFF5FE1C0405CB0AA9C075D	*EXPLOIT*
|     	EDB-ID:42745	5.0	https://vulners.com/exploitdb/EDB-ID:42745	*EXPLOIT*
|     	CVE-2022-30556	5.0	https://vulners.com/cve/CVE-2022-30556
|     	CVE-2022-29404	5.0	https://vulners.com/cve/CVE-2022-29404
|     	CVE-2022-28614	5.0	https://vulners.com/cve/CVE-2022-28614
|     	CVE-2022-26377	5.0	https://vulners.com/cve/CVE-2022-26377
|     	CVE-2022-22719	5.0	https://vulners.com/cve/CVE-2022-22719
|     	CVE-2021-34798	5.0	https://vulners.com/cve/CVE-2021-34798
|     	CVE-2021-33193	5.0	https://vulners.com/cve/CVE-2021-33193
|     	CVE-2021-26690	5.0	https://vulners.com/cve/CVE-2021-26690
|     	CVE-2020-9490	5.0	https://vulners.com/cve/CVE-2020-9490
|     	CVE-2020-1934	5.0	https://vulners.com/cve/CVE-2020-1934
|     	CVE-2019-17567	5.0	https://vulners.com/cve/CVE-2019-17567
|     	CVE-2019-10081	5.0	https://vulners.com/cve/CVE-2019-10081
|     	CVE-2019-0220	5.0	https://vulners.com/cve/CVE-2019-0220
|     	CVE-2019-0196	5.0	https://vulners.com/cve/CVE-2019-0196
|     	CVE-2018-17199	5.0	https://vulners.com/cve/CVE-2018-17199
|     	CVE-2018-17189	5.0	https://vulners.com/cve/CVE-2018-17189
|     	CVE-2018-1333	5.0	https://vulners.com/cve/CVE-2018-1333
|     	CVE-2018-1303	5.0	https://vulners.com/cve/CVE-2018-1303
|     	CVE-2017-9798	5.0	https://vulners.com/cve/CVE-2017-9798
|     	CVE-2017-7668	5.0	https://vulners.com/cve/CVE-2017-7668
|     	CVE-2017-7659	5.0	https://vulners.com/cve/CVE-2017-7659
|     	CVE-2017-15710	5.0	https://vulners.com/cve/CVE-2017-15710
|     	CNVD-2022-73122	5.0	https://vulners.com/cnvd/CNVD-2022-73122
|     	CNVD-2022-53584	5.0	https://vulners.com/cnvd/CNVD-2022-53584
|     	CNVD-2022-53582	5.0	https://vulners.com/cnvd/CNVD-2022-53582
|     	CNVD-2022-03223	5.0	https://vulners.com/cnvd/CNVD-2022-03223
|     	1337DAY-ID-28573	5.0	https://vulners.com/zdt/1337DAY-ID-28573	*EXPLOIT*
|     	CVE-2020-11993	4.3	https://vulners.com/cve/CVE-2020-11993
|     	CVE-2019-10092	4.3	https://vulners.com/cve/CVE-2019-10092
|     	CVE-2018-1302	4.3	https://vulners.com/cve/CVE-2018-1302
|     	CVE-2018-1301	4.3	https://vulners.com/cve/CVE-2018-1301
|     	CVE-2018-11763	4.3	https://vulners.com/cve/CVE-2018-11763
|     	4013EC74-B3C1-5D95-938A-54197A58586D	4.3	https://vulners.com/githubexploit/4013EC74-B3C1-5D95-938A-54197A58586D	*EXPLOIT*
|     	1337DAY-ID-35422	4.3	https://vulners.com/zdt/1337DAY-ID-35422	*EXPLOIT*
|     	1337DAY-ID-33575	4.3	https://vulners.com/zdt/1337DAY-ID-33575	*EXPLOIT*
|     	CVE-2018-1283	3.5	https://vulners.com/cve/CVE-2018-1283
|_    	PACKETSTORM:152441	0.0	https://vulners.com/packetstorm/PACKETSTORM:152441	*EXPLOIT*
443/tcp  open  ssl/http    Apache httpd 2.4.25
|_http-server-header: Apache/2.4.25 (Debian)
|_tls-ticketbleed: ERROR: Script execution failed (use -d to debug)
| vulners: 
|   cpe:/a:apache:http_server:2.4.25: 
|     	CVE-2022-31813	7.5	https://vulners.com/cve/CVE-2022-31813
|     	CVE-2022-23943	7.5	https://vulners.com/cve/CVE-2022-23943
|     	CVE-2022-22720	7.5	https://vulners.com/cve/CVE-2022-22720
|     	CVE-2021-44790	7.5	https://vulners.com/cve/CVE-2021-44790
|     	CVE-2021-39275	7.5	https://vulners.com/cve/CVE-2021-39275
|     	CVE-2021-26691	7.5	https://vulners.com/cve/CVE-2021-26691
|     	CVE-2017-7679	7.5	https://vulners.com/cve/CVE-2017-7679
|     	CVE-2017-3169	7.5	https://vulners.com/cve/CVE-2017-3169
|     	CVE-2017-3167	7.5	https://vulners.com/cve/CVE-2017-3167
|     	CNVD-2022-73123	7.5	https://vulners.com/cnvd/CNVD-2022-73123
|     	CNVD-2022-03225	7.5	https://vulners.com/cnvd/CNVD-2022-03225
|     	CNVD-2021-102386	7.5	https://vulners.com/cnvd/CNVD-2021-102386
|     	EXPLOITPACK:44C5118F831D55FAF4259C41D8BDA0AB	7.2	https://vulners.com/exploitpack/EXPLOITPACK:44C5118F831D55FAF4259C41D8BDA0AB	*EXPLOIT*
|     	EDB-ID:46676	7.2	https://vulners.com/exploitdb/EDB-ID:46676	*EXPLOIT*
|     	CVE-2019-0211	7.2	https://vulners.com/cve/CVE-2019-0211
|     	1337DAY-ID-32502	7.2	https://vulners.com/zdt/1337DAY-ID-32502	*EXPLOIT*
|     	FDF3DFA1-ED74-5EE2-BF5C-BA752CA34AE8	6.8	https://vulners.com/githubexploit/FDF3DFA1-ED74-5EE2-BF5C-BA752CA34AE8	*EXPLOIT*
|     	CVE-2021-40438	6.8	https://vulners.com/cve/CVE-2021-40438
|     	CVE-2020-35452	6.8	https://vulners.com/cve/CVE-2020-35452
|     	CVE-2018-1312	6.8	https://vulners.com/cve/CVE-2018-1312
|     	CVE-2017-15715	6.8	https://vulners.com/cve/CVE-2017-15715
|     	CNVD-2022-03224	6.8	https://vulners.com/cnvd/CNVD-2022-03224
|     	8AFB43C5-ABD4-52AD-BB19-24D7884FF2A2	6.8	https://vulners.com/githubexploit/8AFB43C5-ABD4-52AD-BB19-24D7884FF2A2	*EXPLOIT*
|     	4810E2D9-AC5F-5B08-BFB3-DDAFA2F63332	6.8	https://vulners.com/githubexploit/4810E2D9-AC5F-5B08-BFB3-DDAFA2F63332	*EXPLOIT*
|     	4373C92A-2755-5538-9C91-0469C995AA9B	6.8	https://vulners.com/githubexploit/4373C92A-2755-5538-9C91-0469C995AA9B	*EXPLOIT*
|     	0095E929-7573-5E4A-A7FA-F6598A35E8DE	6.8	https://vulners.com/githubexploit/0095E929-7573-5E4A-A7FA-F6598A35E8DE	*EXPLOIT*
|     	CVE-2022-28615	6.4	https://vulners.com/cve/CVE-2022-28615
|     	CVE-2021-44224	6.4	https://vulners.com/cve/CVE-2021-44224
|     	CVE-2019-10082	6.4	https://vulners.com/cve/CVE-2019-10082
|     	CVE-2017-9788	6.4	https://vulners.com/cve/CVE-2017-9788
|     	CVE-2019-0217	6.0	https://vulners.com/cve/CVE-2019-0217
|     	CVE-2022-22721	5.8	https://vulners.com/cve/CVE-2022-22721
|     	CVE-2020-1927	5.8	https://vulners.com/cve/CVE-2020-1927
|     	CVE-2019-10098	5.8	https://vulners.com/cve/CVE-2019-10098
|     	1337DAY-ID-33577	5.8	https://vulners.com/zdt/1337DAY-ID-33577	*EXPLOIT*
|     	SSV:96537	5.0	https://vulners.com/seebug/SSV:96537	*EXPLOIT*
|     	EXPLOITPACK:C8C256BE0BFF5FE1C0405CB0AA9C075D	5.0	https://vulners.com/exploitpack/EXPLOITPACK:C8C256BE0BFF5FE1C0405CB0AA9C075D	*EXPLOIT*
|     	EDB-ID:42745	5.0	https://vulners.com/exploitdb/EDB-ID:42745	*EXPLOIT*
|     	CVE-2022-30556	5.0	https://vulners.com/cve/CVE-2022-30556
|     	CVE-2022-29404	5.0	https://vulners.com/cve/CVE-2022-29404
|     	CVE-2022-28614	5.0	https://vulners.com/cve/CVE-2022-28614
|     	CVE-2022-26377	5.0	https://vulners.com/cve/CVE-2022-26377
|     	CVE-2022-22719	5.0	https://vulners.com/cve/CVE-2022-22719
|     	CVE-2021-34798	5.0	https://vulners.com/cve/CVE-2021-34798
|     	CVE-2021-33193	5.0	https://vulners.com/cve/CVE-2021-33193
|     	CVE-2021-26690	5.0	https://vulners.com/cve/CVE-2021-26690
|     	CVE-2020-9490	5.0	https://vulners.com/cve/CVE-2020-9490
|     	CVE-2020-1934	5.0	https://vulners.com/cve/CVE-2020-1934
|     	CVE-2019-17567	5.0	https://vulners.com/cve/CVE-2019-17567
|     	CVE-2019-10081	5.0	https://vulners.com/cve/CVE-2019-10081
|     	CVE-2019-0220	5.0	https://vulners.com/cve/CVE-2019-0220
|     	CVE-2019-0196	5.0	https://vulners.com/cve/CVE-2019-0196
|     	CVE-2018-17199	5.0	https://vulners.com/cve/CVE-2018-17199
|     	CVE-2018-17189	5.0	https://vulners.com/cve/CVE-2018-17189
|     	CVE-2018-1333	5.0	https://vulners.com/cve/CVE-2018-1333
|     	CVE-2018-1303	5.0	https://vulners.com/cve/CVE-2018-1303
|     	CVE-2017-9798	5.0	https://vulners.com/cve/CVE-2017-9798
|     	CVE-2017-7668	5.0	https://vulners.com/cve/CVE-2017-7668
|     	CVE-2017-7659	5.0	https://vulners.com/cve/CVE-2017-7659
|     	CVE-2017-15710	5.0	https://vulners.com/cve/CVE-2017-15710
|     	CNVD-2022-73122	5.0	https://vulners.com/cnvd/CNVD-2022-73122
|     	CNVD-2022-53584	5.0	https://vulners.com/cnvd/CNVD-2022-53584
|     	CNVD-2022-53582	5.0	https://vulners.com/cnvd/CNVD-2022-53582
|     	CNVD-2022-03223	5.0	https://vulners.com/cnvd/CNVD-2022-03223
|     	1337DAY-ID-28573	5.0	https://vulners.com/zdt/1337DAY-ID-28573	*EXPLOIT*
|     	CVE-2020-11993	4.3	https://vulners.com/cve/CVE-2020-11993
|     	CVE-2019-10092	4.3	https://vulners.com/cve/CVE-2019-10092
|     	CVE-2018-1302	4.3	https://vulners.com/cve/CVE-2018-1302
|     	CVE-2018-1301	4.3	https://vulners.com/cve/CVE-2018-1301
|     	CVE-2018-11763	4.3	https://vulners.com/cve/CVE-2018-11763
|     	4013EC74-B3C1-5D95-938A-54197A58586D	4.3	https://vulners.com/githubexploit/4013EC74-B3C1-5D95-938A-54197A58586D	*EXPLOIT*
|     	1337DAY-ID-35422	4.3	https://vulners.com/zdt/1337DAY-ID-35422	*EXPLOIT*
|     	1337DAY-ID-33575	4.3	https://vulners.com/zdt/1337DAY-ID-33575	*EXPLOIT*
|     	CVE-2018-1283	3.5	https://vulners.com/cve/CVE-2018-1283
|_    	PACKETSTORM:152441	0.0	https://vulners.com/packetstorm/PACKETSTORM:152441	*EXPLOIT*
|_http-vuln-cve2017-1001000: ERROR: Script execution failed (use -d to debug)
| http-cookie-flags: 
|   /: 
|     PHPSESSID: 
|_      httponly flag not set
1025/tcp open  NFS-or-IIS?
5432/tcp open  postgresql  PostgreSQL DB 9.6.7 - 9.6.12
| vulners: 
|   cpe:/a:postgresql:postgresql:9.6: 
|     	PACKETSTORM:166540	9.0	https://vulners.com/packetstorm/PACKETSTORM:166540	*EXPLOIT*
|     	PACKETSTORM:152757	9.0	https://vulners.com/packetstorm/PACKETSTORM:152757	*EXPLOIT*
|     	CVE-2019-9193	9.0	https://vulners.com/cve/CVE-2019-9193
|     	76C6A4D7-16FA-5412-9C96-0363787A367C	9.0	https://vulners.com/githubexploit/76C6A4D7-16FA-5412-9C96-0363787A367C	*EXPLOIT*
|     	27E2A12D-2B65-5A8F-B6B0-6C9A17AB25B8	9.0	https://vulners.com/githubexploit/27E2A12D-2B65-5A8F-B6B0-6C9A17AB25B8	*EXPLOIT*
|     	1337DAY-ID-32662	9.0	https://vulners.com/zdt/1337DAY-ID-32662	*EXPLOIT*
|     	POSTGRESQL:CVE-2020-25696	7.6	https://vulners.com/postgresql/POSTGRESQL:CVE-2020-25696
|     	CVE-2020-25696	7.6	https://vulners.com/cve/CVE-2020-25696
|     	POSTGRESQL:CVE-2019-10211	7.5	https://vulners.com/postgresql/POSTGRESQL:CVE-2019-10211
|     	POSTGRESQL:CVE-2017-7546	7.5	https://vulners.com/postgresql/POSTGRESQL:CVE-2017-7546
|     	CVE-2018-16850	7.5	https://vulners.com/cve/CVE-2018-16850
|     	CVE-2017-7546	7.5	https://vulners.com/cve/CVE-2017-7546
|     	POSTGRESQL:CVE-2019-3466	7.2	https://vulners.com/postgresql/POSTGRESQL:CVE-2019-3466
|     	POSTGRESQL:CVE-2017-12172	7.2	https://vulners.com/postgresql/POSTGRESQL:CVE-2017-12172
|     	CVE-2017-12172	7.2	https://vulners.com/cve/CVE-2017-12172
|     	POSTGRESQL:CVE-2020-25694	6.8	https://vulners.com/postgresql/POSTGRESQL:CVE-2020-25694
|     	CVE-2020-25694	6.8	https://vulners.com/cve/CVE-2020-25694
|     	POSTGRESQL:CVE-2021-32027	6.5	https://vulners.com/postgresql/POSTGRESQL:CVE-2021-32027
|     	POSTGRESQL:CVE-2020-25695	6.5	https://vulners.com/postgresql/POSTGRESQL:CVE-2020-25695
|     	POSTGRESQL:CVE-2019-10208	6.5	https://vulners.com/postgresql/POSTGRESQL:CVE-2019-10208
|     	POSTGRESQL:CVE-2018-1058	6.5	https://vulners.com/postgresql/POSTGRESQL:CVE-2018-1058
|     	CVE-2021-32027	6.5	https://vulners.com/cve/CVE-2021-32027
|     	CVE-2020-25695	6.5	https://vulners.com/cve/CVE-2020-25695
|     	CVE-2019-10208	6.5	https://vulners.com/cve/CVE-2019-10208
|     	CVE-2018-1058	6.5	https://vulners.com/cve/CVE-2018-1058
|     	POSTGRESQL:CVE-2018-1115	6.4	https://vulners.com/postgresql/POSTGRESQL:CVE-2018-1115
|     	CVE-2018-1115	6.4	https://vulners.com/cve/CVE-2018-1115
|     	POSTGRESQL:CVE-2018-10915	6.0	https://vulners.com/postgresql/POSTGRESQL:CVE-2018-10915
|     	CVE-2018-10915	6.0	https://vulners.com/cve/CVE-2018-10915
|     	POSTGRESQL:CVE-2018-10925	5.5	https://vulners.com/postgresql/POSTGRESQL:CVE-2018-10925
|     	POSTGRESQL:CVE-2017-15098	5.5	https://vulners.com/postgresql/POSTGRESQL:CVE-2017-15098
|     	CVE-2018-10925	5.5	https://vulners.com/cve/CVE-2018-10925
|     	CVE-2017-15098	5.5	https://vulners.com/cve/CVE-2017-15098
|     	CVE-2021-23214	5.1	https://vulners.com/cve/CVE-2021-23214
|     	POSTGRESQL:CVE-2017-7486	5.0	https://vulners.com/postgresql/POSTGRESQL:CVE-2017-7486
|     	POSTGRESQL:CVE-2017-7484	5.0	https://vulners.com/postgresql/POSTGRESQL:CVE-2017-7484
|     	CVE-2017-7486	5.0	https://vulners.com/cve/CVE-2017-7486
|     	CVE-2017-7484	5.0	https://vulners.com/cve/CVE-2017-7484
|     	POSTGRESQL:CVE-2020-14350	4.4	https://vulners.com/postgresql/POSTGRESQL:CVE-2020-14350
|     	POSTGRESQL:CVE-2020-10733	4.4	https://vulners.com/postgresql/POSTGRESQL:CVE-2020-10733
|     	CVE-2020-14350	4.4	https://vulners.com/cve/CVE-2020-14350
|     	CVE-2020-10733	4.4	https://vulners.com/cve/CVE-2020-10733
|     	POSTGRESQL:CVE-2019-10127	4.3	https://vulners.com/postgresql/POSTGRESQL:CVE-2019-10127
|     	POSTGRESQL:CVE-2017-7485	4.3	https://vulners.com/postgresql/POSTGRESQL:CVE-2017-7485
|     	CVE-2021-23222	4.3	https://vulners.com/cve/CVE-2021-23222
|     	CVE-2017-7485	4.3	https://vulners.com/cve/CVE-2017-7485
|     	POSTGRESQL:CVE-2019-10128	4.1	https://vulners.com/postgresql/POSTGRESQL:CVE-2019-10128
|     	POSTGRESQL:CVE-2019-10130	4.0	https://vulners.com/postgresql/POSTGRESQL:CVE-2019-10130
|     	POSTGRESQL:CVE-2017-7548	4.0	https://vulners.com/postgresql/POSTGRESQL:CVE-2017-7548
|     	POSTGRESQL:CVE-2017-7547	4.0	https://vulners.com/postgresql/POSTGRESQL:CVE-2017-7547
|     	POSTGRESQL:CVE-2017-15099	4.0	https://vulners.com/postgresql/POSTGRESQL:CVE-2017-15099
|     	CVE-2021-32028	4.0	https://vulners.com/cve/CVE-2021-32028
|     	CVE-2019-10130	4.0	https://vulners.com/cve/CVE-2019-10130
|     	CVE-2017-7548	4.0	https://vulners.com/cve/CVE-2017-7548
|     	CVE-2017-7547	4.0	https://vulners.com/cve/CVE-2017-7547
|     	CVE-2017-15099	4.0	https://vulners.com/cve/CVE-2017-15099
|     	POSTGRESQL:CVE-2020-1720	3.5	https://vulners.com/postgresql/POSTGRESQL:CVE-2020-1720
|     	CVE-2020-1720	3.5	https://vulners.com/cve/CVE-2020-1720
|     	POSTGRESQL:CVE-2018-1053	3.3	https://vulners.com/postgresql/POSTGRESQL:CVE-2018-1053
|     	CVE-2018-1053	3.3	https://vulners.com/cve/CVE-2018-1053
|     	POSTGRESQL:CVE-2019-10210	1.9	https://vulners.com/postgresql/POSTGRESQL:CVE-2019-10210
|     	POSTGRESQL:CVE-2021-32028	0.0	https://vulners.com/postgresql/POSTGRESQL:CVE-2021-32028
|     	OSV:CVE-2020-25695	0.0	https://vulners.com/osv/OSV:CVE-2020-25695
|     	OSV:CVE-2020-25694	0.0	https://vulners.com/osv/OSV:CVE-2020-25694
|_    	CVE-2021-43767	0.0	https://vulners.com/cve/CVE-2021-43767
|_tls-ticketbleed: ERROR: Script execution failed (use -d to debug)
| ssl-dh-params: 
|   VULNERABLE:
|   Diffie-Hellman Key Exchange Insufficient Group Strength
|     State: VULNERABLE
|       Transport Layer Security (TLS) services that use Diffie-Hellman groups
|       of insufficient strength, especially those using one of a few commonly
|       shared groups, may be susceptible to passive eavesdropping attacks.
|     Check results:
|       WEAK DH GROUP 1
|             Cipher Suite: TLS_DHE_RSA_WITH_CAMELLIA_256_CBC_SHA
|             Modulus Type: Safe prime
|             Modulus Source: Unknown/Custom-generated
|             Modulus Length: 1024
|             Generator Length: 8
|             Public Key Length: 1024
|     References:
|_      https://weakdh.org
Service Info: Hosts: RedCross, redcross.htb; OS: Linux; CPE: cpe:/o:linux:linux_kernel[0m

[*] Cleaning up

----------| SCAN FINISHED in 698 seconds |----------
