----------| SCAN START |----------

[*] Target => [1m[94m10.10.11.208[0m
[*] Output Folder => [1m[94mBusqueda[0m
[*] Min Rate => [1m[94m200[0m

[*] Starting quick TCP scan
[+] Ports found: [1m[92m22,80[0m
[*] Starting default TCP scan
[*] Starting full TCP scan
[*] Starting short UDP scan

[*] Starting service fingerprinting
[1m[94m
PORT   STATE SERVICE VERSION
22/tcp open  ssh     OpenSSH 8.9p1 Ubuntu 3ubuntu0.1 (Ubuntu Linux; protocol 2.0)
80/tcp open  http    Apache httpd 2.4.52
Service Info: OS: Linux; CPE: cpe:/o:linux:linux_kernel[0m

[*] Running NSE 'default', 'vuln' and 'safe' scripts
[1m[94m
PORT   STATE SERVICE VERSION
22/tcp open  ssh     OpenSSH 8.9p1 Ubuntu 3ubuntu0.1 (Ubuntu Linux; protocol 2.0)
80/tcp open  http    Apache httpd 2.4.52
| vulners: 
|   cpe:/a:apache:http_server:2.4.52: 
|     	CVE-2022-31813	7.5	https://vulners.com/cve/CVE-2022-31813
|     	CVE-2022-23943	7.5	https://vulners.com/cve/CVE-2022-23943
|     	CVE-2022-22720	7.5	https://vulners.com/cve/CVE-2022-22720
|     	CNVD-2022-73123	7.5	https://vulners.com/cnvd/CNVD-2022-73123
|     	CVE-2022-28615	6.4	https://vulners.com/cve/CVE-2022-28615
|     	CVE-2021-44224	6.4	https://vulners.com/cve/CVE-2021-44224
|     	CVE-2022-22721	5.8	https://vulners.com/cve/CVE-2022-22721
|     	CVE-2022-30556	5.0	https://vulners.com/cve/CVE-2022-30556
|     	CVE-2022-29404	5.0	https://vulners.com/cve/CVE-2022-29404
|     	CVE-2022-28614	5.0	https://vulners.com/cve/CVE-2022-28614
|     	CVE-2022-26377	5.0	https://vulners.com/cve/CVE-2022-26377
|     	CVE-2022-22719	5.0	https://vulners.com/cve/CVE-2022-22719
|     	CNVD-2022-73122	5.0	https://vulners.com/cnvd/CNVD-2022-73122
|     	CNVD-2022-53584	5.0	https://vulners.com/cnvd/CNVD-2022-53584
|     	CNVD-2022-53582	5.0	https://vulners.com/cnvd/CNVD-2022-53582
|     	CVE-2023-27522	0.0	https://vulners.com/cve/CVE-2023-27522
|     	CVE-2023-25690	0.0	https://vulners.com/cve/CVE-2023-25690
|     	CVE-2022-37436	0.0	https://vulners.com/cve/CVE-2022-37436
|     	CVE-2022-36760	0.0	https://vulners.com/cve/CVE-2022-36760
|_    	CVE-2006-20001	0.0	https://vulners.com/cve/CVE-2006-20001
| http-server-header: 
|   Apache/2.4.52 (Ubuntu)
|_  Werkzeug/2.1.2 Python/3.10.6
Service Info: OS: Linux; CPE: cpe:/o:linux:linux_kernel[0m

[*] Cleaning up

----------| SCAN FINISHED in 368 seconds |----------
