----------| SCAN START |----------

[*] Target => [1m[94m10.10.11.204[0m
[*] Output Folder => [1m[94mInject[0m
[*] Min Rate => [1m[94m200[0m

[*] Starting quick TCP scan
[+] Ports found: [1m[92m22,8080[0m
[*] Starting default TCP scan
[*] Starting full TCP scan
[*] Starting short UDP scan

[*] Starting service fingerprinting
[1m[94m
PORT     STATE SERVICE     VERSION
22/tcp   open  ssh         OpenSSH 8.2p1 Ubuntu 4ubuntu0.5 (Ubuntu Linux; protocol 2.0)
8080/tcp open  nagios-nsca Nagios NSCA
Service Info: OS: Linux; CPE: cpe:/o:linux:linux_kernel[0m

[*] Running NSE 'default', 'vuln' and 'safe' scripts
[1m[94m
PORT     STATE SERVICE     VERSION
22/tcp   open  ssh         OpenSSH 8.2p1 Ubuntu 4ubuntu0.5 (Ubuntu Linux; protocol 2.0)
| vulners: 
|   cpe:/a:openbsd:openssh:8.2p1: 
|     	CVE-2020-15778	6.8	https://vulners.com/cve/CVE-2020-15778
|     	C94132FD-1FA5-5342-B6EE-0DAF45EEFFE3	6.8	https://vulners.com/githubexploit/C94132FD-1FA5-5342-B6EE-0DAF45EEFFE3	*EXPLOIT*
|     	10213DBE-F683-58BB-B6D3-353173626207	6.8	https://vulners.com/githubexploit/10213DBE-F683-58BB-B6D3-353173626207	*EXPLOIT*
|     	CVE-2020-12062	5.0	https://vulners.com/cve/CVE-2020-12062
|     	CVE-2021-28041	4.6	https://vulners.com/cve/CVE-2021-28041
|     	CVE-2021-41617	4.4	https://vulners.com/cve/CVE-2021-41617
|     	CVE-2020-14145	4.3	https://vulners.com/cve/CVE-2020-14145
|     	CVE-2016-20012	4.3	https://vulners.com/cve/CVE-2016-20012
|_    	CVE-2021-36368	2.6	https://vulners.com/cve/CVE-2021-36368
8080/tcp open  nagios-nsca Nagios NSCA
Service Info: OS: Linux; CPE: cpe:/o:linux:linux_kernel[0m

[*] Cleaning up

----------| SCAN FINISHED in 376 seconds |----------
